<?xml version="1.0" encoding="UTF-8"?>
<!-- Generated by org.testng.reporters.JUnitXMLReporter -->
<testsuite ignored="0" hostname="Hasans-MBP.lan" failures="0" tests="4" name="AB" time="0.042" errors="0" timestamp="14 Mar 2023 04:38:55 GMT">
  <testcase classname="Day35Annotations.A" name="test1" time="0.006"/>
  <testcase classname="Day35Annotations.A" name="test2" time="0.003"/>
  <testcase classname="Day35Annotations.B" name="test3" time="0.002"/>
  <testcase classname="Day35Annotations.B" name="test4" time="0.001"/>
</testsuite> <!-- AB -->
