<?xml version="1.0" encoding="UTF-8"?>
<!-- Generated by org.testng.reporters.JUnitXMLReporter -->
<testsuite ignored="0" hostname="Hasans-MBP.lan" failures="0" tests="4" name="CD" time="0.029" errors="0" timestamp="14 Mar 2023 04:38:55 GMT">
  <testcase classname="Day35Annotations.C" name="test5" time="0.003"/>
  <testcase classname="Day35Annotations.C" name="test6" time="0.0"/>
  <testcase classname="Day35Annotations.D" name="test7" time="0.001"/>
  <testcase classname="Day35Annotations.D" name="test8" time="0.001"/>
</testsuite> <!-- CD -->
