<?xml version="1.0" encoding="UTF-8"?>
<testng-results ignored="0" total="8" passed="8" failed="0" skipped="0">
  <reporter-output>
  </reporter-output>
  <suite started-at="2023-03-14T04:38:54Z" name="Suite" finished-at="2023-03-14T04:38:55Z" duration-ms="170">
    <groups>
    </groups>
    <test started-at="2023-03-14T04:38:54Z" name="AB" finished-at="2023-03-14T04:38:54Z" duration-ms="42">
      <class name="Day35Annotations.B">
        <test-method is-config="true" signature="bt()[pri:0, instance:Day35Annotations.B@5745ca0e]" started-at="2023-03-14T00:38:54Z" name="bt" finished-at="2023-03-14T00:38:54Z" duration-ms="5" status="PASS">
          <reporter-output>
          </reporter-output>
        </test-method> <!-- bt -->
        <test-method is-config="true" signature="bc()[pri:0, instance:Day35Annotations.B@5745ca0e]" started-at="2023-03-14T00:38:54Z" name="bc" finished-at="2023-03-14T00:38:54Z" duration-ms="0" status="PASS">
          <reporter-output>
          </reporter-output>
        </test-method> <!-- bc -->
        <test-method is-config="true" signature="bm()[pri:0, instance:Day35Annotations.B@5745ca0e]" started-at="2023-03-14T00:38:54Z" name="bm" finished-at="2023-03-14T00:38:54Z" duration-ms="1" status="PASS">
          <reporter-output>
          </reporter-output>
        </test-method> <!-- bm -->
        <test-method signature="test3()[pri:0, instance:Day35Annotations.B@5745ca0e]" started-at="2023-03-14T00:38:54Z" name="test3" finished-at="2023-03-14T00:38:54Z" duration-ms="2" status="PASS">
          <reporter-output>
          </reporter-output>
        </test-method> <!-- test3 -->
        <test-method is-config="true" signature="am()[pri:0, instance:Day35Annotations.B@5745ca0e]" started-at="2023-03-14T00:38:54Z" name="am" finished-at="2023-03-14T00:38:54Z" duration-ms="1" status="PASS">
          <reporter-output>
          </reporter-output>
        </test-method> <!-- am -->
        <test-method is-config="true" signature="bm()[pri:0, instance:Day35Annotations.B@5745ca0e]" started-at="2023-03-14T00:38:54Z" name="bm" finished-at="2023-03-14T00:38:54Z" duration-ms="0" status="PASS">
          <reporter-output>
          </reporter-output>
        </test-method> <!-- bm -->
        <test-method signature="test4()[pri:0, instance:Day35Annotations.B@5745ca0e]" started-at="2023-03-14T00:38:54Z" name="test4" finished-at="2023-03-14T00:38:54Z" duration-ms="1" status="PASS">
          <reporter-output>
          </reporter-output>
        </test-method> <!-- test4 -->
        <test-method is-config="true" signature="ac()[pri:0, instance:Day35Annotations.B@5745ca0e]" started-at="2023-03-14T00:38:54Z" name="ac" finished-at="2023-03-14T00:38:54Z" duration-ms="0" status="PASS">
          <reporter-output>
          </reporter-output>
        </test-method> <!-- ac -->
        <test-method is-config="true" signature="am()[pri:0, instance:Day35Annotations.B@5745ca0e]" started-at="2023-03-14T00:38:54Z" name="am" finished-at="2023-03-14T00:38:54Z" duration-ms="0" status="PASS">
          <reporter-output>
          </reporter-output>
        </test-method> <!-- am -->
      </class> <!-- Day35Annotations.B -->
      <class name="Day35Annotations.A">
        <test-method is-config="true" signature="bc()[pri:0, instance:Day35Annotations.A@3ad83a66]" started-at="2023-03-14T00:38:54Z" name="bc" finished-at="2023-03-14T00:38:54Z" duration-ms="1" status="PASS">
          <reporter-output>
          </reporter-output>
        </test-method> <!-- bc -->
        <test-method is-config="true" signature="bm()[pri:0, instance:Day35Annotations.A@3ad83a66]" started-at="2023-03-14T00:38:54Z" name="bm" finished-at="2023-03-14T00:38:54Z" duration-ms="0" status="PASS">
          <reporter-output>
          </reporter-output>
        </test-method> <!-- bm -->
        <test-method signature="test1()[pri:0, instance:Day35Annotations.A@3ad83a66]" started-at="2023-03-14T00:38:54Z" name="test1" finished-at="2023-03-14T00:38:54Z" duration-ms="6" status="PASS">
          <reporter-output>
          </reporter-output>
        </test-method> <!-- test1 -->
        <test-method is-config="true" signature="am()[pri:0, instance:Day35Annotations.A@3ad83a66]" started-at="2023-03-14T00:38:54Z" name="am" finished-at="2023-03-14T00:38:54Z" duration-ms="1" status="PASS">
          <reporter-output>
          </reporter-output>
        </test-method> <!-- am -->
        <test-method is-config="true" signature="bm()[pri:0, instance:Day35Annotations.A@3ad83a66]" started-at="2023-03-14T00:38:54Z" name="bm" finished-at="2023-03-14T00:38:54Z" duration-ms="0" status="PASS">
          <reporter-output>
          </reporter-output>
        </test-method> <!-- bm -->
        <test-method signature="test2()[pri:0, instance:Day35Annotations.A@3ad83a66]" started-at="2023-03-14T00:38:54Z" name="test2" finished-at="2023-03-14T00:38:54Z" duration-ms="3" status="PASS">
          <reporter-output>
          </reporter-output>
        </test-method> <!-- test2 -->
        <test-method is-config="true" signature="ac()[pri:0, instance:Day35Annotations.A@3ad83a66]" started-at="2023-03-14T00:38:54Z" name="ac" finished-at="2023-03-14T00:38:54Z" duration-ms="0" status="PASS">
          <reporter-output>
          </reporter-output>
        </test-method> <!-- ac -->
        <test-method is-config="true" signature="am()[pri:0, instance:Day35Annotations.A@3ad83a66]" started-at="2023-03-14T00:38:54Z" name="am" finished-at="2023-03-14T00:38:54Z" duration-ms="0" status="PASS">
          <reporter-output>
          </reporter-output>
        </test-method> <!-- am -->
        <test-method is-config="true" signature="at()[pri:0, instance:Day35Annotations.A@3ad83a66]" started-at="2023-03-14T00:38:54Z" name="at" finished-at="2023-03-14T00:38:54Z" duration-ms="0" status="PASS">
          <reporter-output>
          </reporter-output>
        </test-method> <!-- at -->
      </class> <!-- Day35Annotations.A -->
    </test> <!-- AB -->
    <test started-at="2023-03-14T04:38:55Z" name="CD" finished-at="2023-03-14T04:38:55Z" duration-ms="29">
      <class name="Day35Annotations.C">
        <test-method is-config="true" signature="bc()[pri:0, instance:Day35Annotations.C@491b9b8]" started-at="2023-03-14T00:38:55Z" name="bc" finished-at="2023-03-14T00:38:55Z" duration-ms="1" status="PASS">
          <reporter-output>
          </reporter-output>
        </test-method> <!-- bc -->
        <test-method is-config="true" signature="bm()[pri:0, instance:Day35Annotations.C@491b9b8]" started-at="2023-03-14T00:38:55Z" name="bm" finished-at="2023-03-14T00:38:55Z" duration-ms="1" status="PASS">
          <reporter-output>
          </reporter-output>
        </test-method> <!-- bm -->
        <test-method signature="test5()[pri:0, instance:Day35Annotations.C@491b9b8]" started-at="2023-03-14T00:38:55Z" name="test5" finished-at="2023-03-14T00:38:55Z" duration-ms="3" status="PASS">
          <reporter-output>
          </reporter-output>
        </test-method> <!-- test5 -->
        <test-method is-config="true" signature="am()[pri:0, instance:Day35Annotations.C@491b9b8]" started-at="2023-03-14T00:38:55Z" name="am" finished-at="2023-03-14T00:38:55Z" duration-ms="1" status="PASS">
          <reporter-output>
          </reporter-output>
        </test-method> <!-- am -->
        <test-method is-config="true" signature="bm()[pri:0, instance:Day35Annotations.C@491b9b8]" started-at="2023-03-14T00:38:55Z" name="bm" finished-at="2023-03-14T00:38:55Z" duration-ms="0" status="PASS">
          <reporter-output>
          </reporter-output>
        </test-method> <!-- bm -->
        <test-method signature="test6()[pri:0, instance:Day35Annotations.C@491b9b8]" started-at="2023-03-14T00:38:55Z" name="test6" finished-at="2023-03-14T00:38:55Z" duration-ms="0" status="PASS">
          <reporter-output>
          </reporter-output>
        </test-method> <!-- test6 -->
        <test-method is-config="true" signature="am()[pri:0, instance:Day35Annotations.C@491b9b8]" started-at="2023-03-14T00:38:55Z" name="am" finished-at="2023-03-14T00:38:55Z" duration-ms="0" status="PASS">
          <reporter-output>
          </reporter-output>
        </test-method> <!-- am -->
        <test-method is-config="true" signature="ac()[pri:0, instance:Day35Annotations.C@491b9b8]" started-at="2023-03-14T00:38:55Z" name="ac" finished-at="2023-03-14T00:38:55Z" duration-ms="0" status="PASS">
          <reporter-output>
          </reporter-output>
        </test-method> <!-- ac -->
        <test-method is-config="true" signature="at()[pri:0, instance:Day35Annotations.C@491b9b8]" started-at="2023-03-14T00:38:55Z" name="at" finished-at="2023-03-14T00:38:55Z" duration-ms="0" status="PASS">
          <reporter-output>
          </reporter-output>
        </test-method> <!-- at -->
      </class> <!-- Day35Annotations.C -->
      <class name="Day35Annotations.A">
        <test-method is-config="true" signature="as()[pri:0, instance:Day35Annotations.A@3ad83a66]" started-at="2023-03-14T00:38:55Z" name="as" finished-at="2023-03-14T00:38:55Z" duration-ms="1" status="PASS">
          <reporter-output>
          </reporter-output>
        </test-method> <!-- as -->
      </class> <!-- Day35Annotations.A -->
      <class name="Day35Annotations.D">
        <test-method is-config="true" signature="bs()[pri:0, instance:Day35Annotations.D@79207381]" started-at="2023-03-14T00:38:54Z" name="bs" finished-at="2023-03-14T00:38:54Z" duration-ms="10" status="PASS">
          <reporter-output>
          </reporter-output>
        </test-method> <!-- bs -->
        <test-method is-config="true" signature="bt()[pri:0, instance:Day35Annotations.D@79207381]" started-at="2023-03-14T00:38:55Z" name="bt" finished-at="2023-03-14T00:38:55Z" duration-ms="0" status="PASS">
          <reporter-output>
          </reporter-output>
        </test-method> <!-- bt -->
        <test-method is-config="true" signature="bc()[pri:0, instance:Day35Annotations.D@79207381]" started-at="2023-03-14T00:38:55Z" name="bc" finished-at="2023-03-14T00:38:55Z" duration-ms="0" status="PASS">
          <reporter-output>
          </reporter-output>
        </test-method> <!-- bc -->
        <test-method is-config="true" signature="bm()[pri:0, instance:Day35Annotations.D@79207381]" started-at="2023-03-14T00:38:55Z" name="bm" finished-at="2023-03-14T00:38:55Z" duration-ms="0" status="PASS">
          <reporter-output>
          </reporter-output>
        </test-method> <!-- bm -->
        <test-method signature="test7()[pri:0, instance:Day35Annotations.D@79207381]" started-at="2023-03-14T00:38:55Z" name="test7" finished-at="2023-03-14T00:38:55Z" duration-ms="1" status="PASS">
          <reporter-output>
          </reporter-output>
        </test-method> <!-- test7 -->
        <test-method is-config="true" signature="bm()[pri:0, instance:Day35Annotations.D@79207381]" started-at="2023-03-14T00:38:55Z" name="bm" finished-at="2023-03-14T00:38:55Z" duration-ms="1" status="PASS">
          <reporter-output>
          </reporter-output>
        </test-method> <!-- bm -->
        <test-method is-config="true" signature="am()[pri:0, instance:Day35Annotations.D@79207381]" started-at="2023-03-14T00:38:55Z" name="am" finished-at="2023-03-14T00:38:55Z" duration-ms="0" status="PASS">
          <reporter-output>
          </reporter-output>
        </test-method> <!-- am -->
        <test-method signature="test8()[pri:0, instance:Day35Annotations.D@79207381]" started-at="2023-03-14T00:38:55Z" name="test8" finished-at="2023-03-14T00:38:55Z" duration-ms="1" status="PASS">
          <reporter-output>
          </reporter-output>
        </test-method> <!-- test8 -->
        <test-method is-config="true" signature="ac()[pri:0, instance:Day35Annotations.D@79207381]" started-at="2023-03-14T00:38:55Z" name="ac" finished-at="2023-03-14T00:38:55Z" duration-ms="0" status="PASS">
          <reporter-output>
          </reporter-output>
        </test-method> <!-- ac -->
        <test-method is-config="true" signature="am()[pri:0, instance:Day35Annotations.D@79207381]" started-at="2023-03-14T00:38:55Z" name="am" finished-at="2023-03-14T00:38:55Z" duration-ms="0" status="PASS">
          <reporter-output>
          </reporter-output>
        </test-method> <!-- am -->
      </class> <!-- Day35Annotations.D -->
    </test> <!-- CD -->
  </suite> <!-- Suite -->
</testng-results>
